 тип ./src/app/globals.css:8:1
Syntax error: /Users/sagarpandey/Desktop/MOntem Flumen website/montemflumen-org 2/src/app/globals.css The `border-border` class does not exist. If `border-border` is a custom class, make sure it is defined within a `@layer` directive.

   6 |  */
   7 | 
>  8 | @tailwind base;
     | ^
   9 | @tailwind components;
  10 | @tailwind utilities;
 тип ./src/app/globals.css:8:1
Syntax error: /Users/sagarpandey/Desktop/MOntem Flumen website/montemflumen-org 2/src/app/globals.css The `border-border` class does not exist. If `border-border` is a custom class, make sure it is defined within a `@layer` directive.

   6 |  */
   7 | 
>  8 | @tailwind base;
     | ^
   9 | @tailwind components;
  10 | @tailwind utilities;
 GET / 500 in 3593ms
<w> [webpack.cache.PackFileCacheStrategy] Skipped not serializable cache item 'Compilation/modules|/Users/sagarpandey/Desktop/MOntem Flumen website/montemflumen-org 2/node_modules/next/dist/build/webpack/loaders/css-loader/src/index.js??ruleSet[1].rules[14].oneOf[12].use[2]!/Users/sagarpandey/Desktop/MOntem Flumen website/montemflumen-org 2/node_modules/next/dist/build/webpack/loaders/postcss-loader/src/index.js??ruleSet[1].rules[14].oneOf[12].use[3]!/Users/sagarpandey/Desktop/MOntem Flumen website/montemflumen-org 2/src/app/globals.css': No serializer registered for PostCSSSyntaxError
<w> while serializing webpack/lib/cache/PackFileCacheStrategy.PackContentItems -> webpack/lib/NormalModule -> webpack/lib/ModuleBuildError -> PostCSSSyntaxError
^C
sagarpandey@Sagars-MacBook-Air montemflumen-org 2 % npm run type
check

> montemflumen-org@1.0.0 typecheck
> tsc --noEmit

src/app/about/how-we-think/page.tsx:71:35 - error TS2322: Type '{ children: Element; variant: "ghost"; asChild: true; }' is not assignable to type 'IntrinsicAttributes & ButtonProps & RefAttributes<HTMLButtonElement>'.
  Property 'asChild' does not exist on type 'IntrinsicAttributes & ButtonProps & RefAttributes<HTMLButtonElement>'.

71           <Button variant="ghost" asChild>
                                     ~~~~~~~

src/app/about/how-we-think/page.tsx:79:39 - error TS2322: Type '{ children: Element; variant: "secondary"; asChild: true; }' is not assignable to type 'IntrinsicAttributes & ButtonProps & RefAttributes<HTMLButtonElement>'.
  Property 'asChild' does not exist on type 'IntrinsicAttributes & ButtonProps & RefAttributes<HTMLButtonElement>'.

79           <Button variant="secondary" asChild>
                                         ~~~~~~~

src/app/about/page.tsx:97:47 - error TS2322: Type '{ children: Element; variant: "primary"; size: "lg"; asChild: true; }' is not assignable to type 'IntrinsicAttributes & ButtonProps & RefAttributes<HTMLButtonElement>'.
  Property 'asChild' does not exist on type 'IntrinsicAttributes & ButtonProps & RefAttributes<HTMLButtonElement>'.

97           <Button variant="primary" size="lg" asChild>
                                                 ~~~~~~~

src/app/about/story/page.tsx:56:35 - error TS2322: Type '{ children: Element; variant: "ghost"; asChild: true; }' is not assignable to type 'IntrinsicAttributes & ButtonProps & RefAttributes<HTMLButtonElement>'.
  Property 'asChild' does not exist on type 'IntrinsicAttributes & ButtonProps & RefAttributes<HTMLButtonElement>'.

56           <Button variant="ghost" asChild>
                                     ~~~~~~~

src/app/about/story/page.tsx:64:39 - error TS2322: Type '{ children: Element; variant: "secondary"; asChild: true; }' is not assignable to type 'IntrinsicAttributes & ButtonProps & RefAttributes<HTMLButtonElement>'.
  Property 'asChild' does not exist on type 'IntrinsicAttributes & ButtonProps & RefAttributes<HTMLButtonElement>'.

64           <Button variant="secondary" asChild>
                                         ~~~~~~~

src/app/careers/page.tsx:159:19 - error TS2322: Type '{ children: Element; asChild: true; size: "lg"; }' is not assignable to type 'IntrinsicAttributes & ButtonProps & RefAttributes<HTMLButtonElement>'.
  Property 'asChild' does not exist on type 'IntrinsicAttributes & ButtonProps & RefAttributes<HTMLButtonElement>'.

159           <Button asChild size="lg">
                      ~~~~~~~

src/app/careers/page.tsx:223:23 - error TS2322: Type '{ children: Element; asChild: true; }' is not assignable to type 'IntrinsicAttributes & ButtonProps & RefAttributes<HTMLButtonElement>'.
  Property 'asChild' does not exist on type 'IntrinsicAttributes & ButtonProps & RefAttributes<HTMLButtonElement>'.

223               <Button asChild>
                          ~~~~~~~

src/app/careers/page.tsx:244:31 - error TS2322: Type '{ children: Element; asChild: true; variant: "outline"; className: string; }' is not assignable to type 'IntrinsicAttributes & ButtonProps & RefAttributes<HTMLButtonElement>'.
  Property 'asChild' does not exist on type 'IntrinsicAttributes & ButtonProps & RefAttributes<HTMLButtonElement>'.

244                       <Button asChild variant="outline" className="shrink-0">
                                  ~~~~~~~

src/app/careers/page.tsx:275:34 - error TS2322: Type '"primary"' is not assignable to type 'SectionBackground | undefined'.

275       <Section className="py-24" background="primary">
                                     ~~~~~~~~~~

  src/components/ui/Section.tsx:14:3
    14   background?: SectionBackground;
         ~~~~~~~~~~
    The expected type comes from property 'background' which is declared here on type 'IntrinsicAttributes & SectionProps & RefAttributes<HTMLElement>'

src/app/careers/page.tsx:284:19 - error TS2322: Type '{ children: Element; asChild: true; size: "lg"; variant: "secondary"; }' is not assignable to type 'IntrinsicAttributes & ButtonProps & RefAttributes<HTMLButtonElement>'.
  Property 'asChild' does not exist on type 'IntrinsicAttributes & ButtonProps & RefAttributes<HTMLButtonElement>'.

284           <Button asChild size="lg" variant="secondary">
                      ~~~~~~~

src/app/contact/page.tsx:32:24 - error TS2339: Property 'contact' does not exist on type 'SiteConfig'.

32     value: SITE_CONFIG.contact.email,
                          ~~~~~~~

src/app/contact/page.tsx:33:33 - error TS2339: Property 'contact' does not exist on type 'SiteConfig'.

33     href: `mailto:${SITE_CONFIG.contact.email}`,
                                   ~~~~~~~

src/app/contact/page.tsx:44:24 - error TS2339: Property 'contact' does not exist on type 'SiteConfig'.

44     value: SITE_CONFIG.contact.address,
                          ~~~~~~~

src/app/contact/page.tsx:45:72 - error TS2339: Property 'contact' does not exist on type 'SiteConfig'.

45     href: `https://maps.google.com/?q=${encodeURIComponent(SITE_CONFIG.contact.address)}`,
                                                                          ~~~~~~~

src/app/contact/page.tsx:186:28 - error TS2339: Property 'contact' does not exist on type 'SiteConfig'.

186               {SITE_CONFIG.contact.address}
                               ~~~~~~~

src/app/contact/page.tsx:199:86 - error TS2339: Property 'contact' does not exist on type 'SiteConfig'.

199                   href={`https://maps.google.com/?q=${encodeURIComponent(SITE_CONFIG.contact.address)}`}
                                                                                         ~~~~~~~

src/app/error.tsx:50:37 - error TS2339: Property 'description' does not exist on type '{ readonly title: "500 - Server Error"; readonly message: "Something went wrong on our end. Please try again later."; readonly cta: "Refresh Page"; }'.

50           {ERROR_STATES.serverError.description}
                                       ~~~~~~~~~~~

src/app/insights/[slug]/page.tsx:47:27 - error TS2339: Property 'date' does not exist on type 'BlogPost'.

47       publishedTime: post.date,
                             ~~~~

src/app/insights/[slug]/page.tsx:49:20 - error TS2339: Property 'coverImage' does not exist on type 'BlogPost'.

49       images: post.coverImage ? [post.coverImage] : [],
                      ~~~~~~~~~~

src/app/insights/[slug]/page.tsx:49:39 - error TS2339: Property 'coverImage' does not exist on type 'BlogPost'.

49       images: post.coverImage ? [post.coverImage] : [],
                                         ~~~~~~~~~~

src/app/insights/[slug]/page.tsx:55:20 - error TS2339: Property 'coverImage' does not exist on type 'BlogPost'.

55       images: post.coverImage ? [post.coverImage] : [],
                      ~~~~~~~~~~

src/app/insights/[slug]/page.tsx:55:39 - error TS2339: Property 'coverImage' does not exist on type 'BlogPost'.

55       images: post.coverImage ? [post.coverImage] : [],
                                         ~~~~~~~~~~

src/app/insights/[slug]/page.tsx:75:22 - error TS2339: Property 'category' does not exist on type 'BlogPost'.

75     .filter((p) => p.category === post.category && p.slug !== post.slug)
                        ~~~~~~~~

src/app/insights/[slug]/page.tsx:75:40 - error TS2339: Property 'category' does not exist on type 'BlogPost'.

75     .filter((p) => p.category === post.category && p.slug !== post.slug)
                                          ~~~~~~~~

src/app/insights/[slug]/page.tsx:91:25 - error TS2339: Property 'category' does not exist on type 'BlogPost'.

91             <span>{post.category}</span>
                           ~~~~~~~~

src/app/insights/[slug]/page.tsx:96:42 - error TS2339: Property 'category' does not exist on type 'BlogPost'.

96             <Tag variant="default">{post.category}</Tag>
                                            ~~~~~~~~

src/app/insights/[slug]/page.tsx:98:70 - error TS2339: Property 'date' does not exist on type 'BlogPost'.

98             <span className="text-muted-foreground">{formatDate(post.date)}</span>
                                                                        ~~~~

src/app/insights/[slug]/page.tsx:122:21 - error TS2339: Property 'authorRole' does not exist on type 'BlogPost'.

122               {post.authorRole && (
                        ~~~~~~~~~~

src/app/insights/[slug]/page.tsx:123:68 - error TS2339: Property 'authorRole' does not exist on type 'BlogPost'.

123                 <p className="text-sm text-muted-foreground">{post.authorRole}</p>
                                                                       ~~~~~~~~~~

src/app/insights/[slug]/page.tsx:131:13 - error TS2339: Property 'coverImage' does not exist on type 'BlogPost'.

131       {post.coverImage && (
                ~~~~~~~~~~

src/app/insights/[slug]/page.tsx:136:27 - error TS2339: Property 'coverImage' does not exist on type 'BlogPost'.

136                 src={post.coverImage}
                              ~~~~~~~~~~

src/app/insights/[slug]/page.tsx:221:23 - error TS2339: Property 'authorRole' does not exist on type 'BlogPost'.

221                 {post.authorRole && (
                          ~~~~~~~~~~

src/app/insights/[slug]/page.tsx:222:67 - error TS2339: Property 'authorRole' does not exist on type 'BlogPost'.

222                   <p className="text-muted-foreground mb-2">{post.authorRole}</p>
                                                                      ~~~~~~~~~~

src/app/insights/[slug]/page.tsx:247:36 - error TS2339: Property 'category' does not exist on type 'BlogPost'.

247                       {relatedPost.category}
                                       ~~~~~~~~

src/app/insights/[slug]/page.tsx:256:47 - error TS2339: Property 'date' does not exist on type 'BlogPost'.

256                       {formatDate(relatedPost.date)}
                                                  ~~~~

src/app/insights/[slug]/page.tsx:269:19 - error TS2322: Type '{ children: Element; asChild: true; variant: "outline"; }' is not assignable to type 'IntrinsicAttributes & ButtonProps & RefAttributes<HTMLButtonElement>'.
  Property 'asChild' does not exist on type 'IntrinsicAttributes & ButtonProps & RefAttributes<HTMLButtonElement>'.

269           <Button asChild variant="outline">
                      ~~~~~~~

src/app/insights/page.tsx:10:19 - error TS6133: 'SectionHeader' is declared but its value is never read.

10 import { Section, SectionHeader } from '@/components/ui/Section';
                     ~~~~~~~~~~~~~

src/app/insights/page.tsx:30:26 - error TS2802: Type 'Set<any>' can only be iterated through when using the '--downlevelIteration' flag or with a '--target' of 'es2015' or higher.

30   const categories = [...new Set(posts.map((p) => p.category))];
                            ~~~~~~~~~~~~~~~~~~~~~~~~~~~~~~~~~~~~~

src/app/insights/page.tsx:30:53 - error TS2339: Property 'category' does not exist on type 'BlogPost'.

30   const categories = [...new Set(posts.map((p) => p.category))];
                                                       ~~~~~~~~

src/app/insights/page.tsx:78:74 - error TS2339: Property 'description' does not exist on type '{ readonly title: "No posts yet"; readonly message: "We're working on our first articles. Check back soon!"; }'.

78             <p className="text-muted-foreground mb-6">{EMPTY_STATES.blog.description}</p>
                                                                            ~~~~~~~~~~~

src/app/insights/page.tsx:88:33 - error TS2339: Property 'coverImage' does not exist on type 'BlogPost'.

88                       {posts[0].coverImage ? (
                                   ~~~~~~~~~~

src/app/insights/page.tsx:90:41 - error TS2339: Property 'coverImage' does not exist on type 'BlogPost'.

90                           src={posts[0].coverImage}
                                           ~~~~~~~~~~

src/app/insights/page.tsx:105:68 - error TS2339: Property 'category' does not exist on type 'BlogPost'.

105                         <Tag variant="outline" size="sm">{posts[0].category}</Tag>
                                                                       ~~~~~~~~

src/app/insights/page.tsx:107:52 - error TS2339: Property 'date' does not exist on type 'BlogPost'.

107                         <span>{formatDate(posts[0].date)}</span>
                                                       ~~~~

src/app/insights/page.tsx:121:37 - error TS2339: Property 'authorRole' does not exist on type 'BlogPost'.

121                           {posts[0].authorRole && (
                                        ~~~~~~~~~~

src/app/insights/page.tsx:122:84 - error TS2339: Property 'authorRole' does not exist on type 'BlogPost'.

122                             <p className="text-sm text-muted-foreground">{posts[0].authorRole}</p>
                                                                                       ~~~~~~~~~~

src/app/insights/page.tsx:138:33 - error TS2339: Property 'coverImage' does not exist on type 'BlogPost'.

138                       src={post.coverImage || ''}
                                    ~~~~~~~~~~

src/app/insights/page.tsx:140:23 - error TS2322: Type '{ src: any; alt: string; fallback: Element; }' is not assignable to type 'IntrinsicAttributes & CardImageProps & RefAttributes<HTMLDivElement>'.
  Property 'fallback' does not exist on type 'IntrinsicAttributes & CardImageProps & RefAttributes<HTMLDivElement>'.

140                       fallback={
                          ~~~~~~~~

src/app/insights/page.tsx:150:64 - error TS2339: Property 'category' does not exist on type 'BlogPost'.

150                         <Tag variant="outline" size="sm">{post.category}</Tag>
                                                                   ~~~~~~~~

src/app/insights/page.tsx:164:44 - error TS2339: Property 'date' does not exist on type 'BlogPost'.

164                           {formatDate(post.date)}
                                               ~~~~

src/app/layout.tsx:44:3 - error TS2322: Type 'readonly ["platform engineering", "cloud infrastructure", "DevOps", "SRE", "Kubernetes", "engineering teams"]' is not assignable to type 'string | string[] | null | undefined'.
  The type 'readonly ["platform engineering", "cloud infrastructure", "DevOps", "SRE", "Kubernetes", "engineering teams"]' is 'readonly' and cannot be assigned to the mutable type 'string[]'.

44   keywords: SEO_DEFAULTS.defaultKeywords,
     ~~~~~~~~

  node_modules/next/dist/lib/metadata/types/metadata-interface.d.ts:81:5
    81     keywords?: null | string | Array<string>;
           ~~~~~~~~
    The expected type comes from property 'keywords' which is declared here on type 'Metadata'

src/app/not-found.tsx:42:34 - error TS2339: Property 'description' does not exist on type '{ readonly title: "404 - Page Not Found"; readonly message: "Sorry, we couldn't find the page you're looking for."; readonly cta: "Back to Home"; }'.

42           {ERROR_STATES.notFound.description}
                                    ~~~~~~~~~~~

src/app/not-found.tsx:47:19 - error TS2322: Type '{ children: Element; asChild: true; size: "lg"; }' is not assignable to type 'IntrinsicAttributes & ButtonProps & RefAttributes<HTMLButtonElement>'.
  Property 'asChild' does not exist on type 'IntrinsicAttributes & ButtonProps & RefAttributes<HTMLButtonElement>'.

47           <Button asChild size="lg">
                     ~~~~~~~

src/app/not-found.tsx:50:19 - error TS2322: Type '{ children: Element; asChild: true; variant: "outline"; size: "lg"; }' is not assignable to type 'IntrinsicAttributes & ButtonProps & RefAttributes<HTMLButtonElement>'.
  Property 'asChild' does not exist on type 'IntrinsicAttributes & ButtonProps & RefAttributes<HTMLButtonElement>'.

50           <Button asChild variant="outline" size="lg">
                     ~~~~~~~

src/app/page.tsx:37:51 - error TS2322: Type '{ children: Element; variant: "primary"; size: "lg"; asChild: true; }' is not assignable to type 'IntrinsicAttributes & ButtonProps & RefAttributes<HTMLButtonElement>'.
  Property 'asChild' does not exist on type 'IntrinsicAttributes & ButtonProps & RefAttributes<HTMLButtonElement>'.

37               <Button variant="primary" size="lg" asChild>
                                                     ~~~~~~~

src/app/page.tsx:40:51 - error TS2322: Type '{ children: Element; variant: "outline"; size: "lg"; asChild: true; }' is not assignable to type 'IntrinsicAttributes & ButtonProps & RefAttributes<HTMLButtonElement>'.
  Property 'asChild' does not exist on type 'IntrinsicAttributes & ButtonProps & RefAttributes<HTMLButtonElement>'.

40               <Button variant="outline" size="lg" asChild>
                                                     ~~~~~~~

src/app/page.tsx:121:41 - error TS2322: Type '{ children: Element; variant: "secondary"; asChild: true; }' is not assignable to type 'IntrinsicAttributes & ButtonProps & RefAttributes<HTMLButtonElement>'.
  Property 'asChild' does not exist on type 'IntrinsicAttributes & ButtonProps & RefAttributes<HTMLButtonElement>'.

121             <Button variant="secondary" asChild>
                                            ~~~~~~~

src/app/page.tsx:165:41 - error TS2322: Type '{ children: Element; variant: "secondary"; asChild: true; }' is not assignable to type 'IntrinsicAttributes & ButtonProps & RefAttributes<HTMLButtonElement>'.
  Property 'asChild' does not exist on type 'IntrinsicAttributes & ButtonProps & RefAttributes<HTMLButtonElement>'.

165             <Button variant="secondary" asChild>
                                            ~~~~~~~

src/app/page.tsx:206:41 - error TS2322: Type '{ children: Element; variant: "secondary"; asChild: true; }' is not assignable to type 'IntrinsicAttributes & ButtonProps & RefAttributes<HTMLButtonElement>'.
  Property 'asChild' does not exist on type 'IntrinsicAttributes & ButtonProps & RefAttributes<HTMLButtonElement>'.

206             <Button variant="secondary" asChild>
                                            ~~~~~~~

src/app/page.tsx:222:47 - error TS2322: Type '{ children: Element; variant: "outline"; size: "lg"; asChild: true; }' is not assignable to type 'IntrinsicAttributes & ButtonProps & RefAttributes<HTMLButtonElement>'.
  Property 'asChild' does not exist on type 'IntrinsicAttributes & ButtonProps & RefAttributes<HTMLButtonElement>'.

222           <Button variant="outline" size="lg" asChild>
                                                  ~~~~~~~

src/app/privacy/page.tsx:117:37 - error TS2339: Property 'contact' does not exist on type 'SiteConfig'.

117             <li>Email: {SITE_CONFIG.contact.email}</li>
                                        ~~~~~~~

src/app/privacy/page.tsx:118:39 - error TS2339: Property 'contact' does not exist on type 'SiteConfig'.

118             <li>Address: {SITE_CONFIG.contact.address}</li>
                                          ~~~~~~~

src/app/services/page.tsx:238:34 - error TS2322: Type '"primary"' is not assignable to type 'SectionBackground | undefined'.

238       <Section className="py-24" background="primary">
                                     ~~~~~~~~~~

  src/components/ui/Section.tsx:14:3
    14   background?: SectionBackground;
         ~~~~~~~~~~
    The expected type comes from property 'background' which is declared here on type 'IntrinsicAttributes & SectionProps & RefAttributes<HTMLElement>'

src/app/services/page.tsx:247:21 - error TS2322: Type '{ children: Element; asChild: true; size: "lg"; variant: "secondary"; }' is not assignable to type 'IntrinsicAttributes & ButtonProps & RefAttributes<HTMLButtonElement>'.
  Property 'asChild' does not exist on type 'IntrinsicAttributes & ButtonProps & RefAttributes<HTMLButtonElement>'.

247             <Button asChild size="lg" variant="secondary">
                        ~~~~~~~

src/app/services/page.tsx:250:21 - error TS2322: Type '{ children: Element; asChild: true; size: "lg"; variant: "outline"; className: string; }' is not assignable to type 'IntrinsicAttributes & ButtonProps & RefAttributes<HTMLButtonElement>'.
  Property 'asChild' does not exist on type 'IntrinsicAttributes & ButtonProps & RefAttributes<HTMLButtonElement>'.

250             <Button asChild size="lg" variant="outline" className="border-primary-foreground text-primary-foreground hover:bg-primary-foreground hover:text-primary">
                        ~~~~~~~

src/app/team/[slug]/page.tsx:93:55 - error TS2322: Type '{ children: Element; variant: "secondary"; size: "sm"; asChild: true; }' is not assignable to type 'IntrinsicAttributes & ButtonProps & RefAttributes<HTMLButtonElement>'.
  Property 'asChild' does not exist on type 'IntrinsicAttributes & ButtonProps & RefAttributes<HTMLButtonElement>'.

93                 <Button variant="secondary" size="sm" asChild>
                                                         ~~~~~~~

src/app/team/[slug]/page.tsx:103:51 - error TS2322: Type '{ children: Element; variant: "ghost"; size: "sm"; asChild: true; }' is not assignable to type 'IntrinsicAttributes & ButtonProps & RefAttributes<HTMLButtonElement>'.
  Property 'asChild' does not exist on type 'IntrinsicAttributes & ButtonProps & RefAttributes<HTMLButtonElement>'.

103                 <Button variant="ghost" size="sm" asChild>
                                                      ~~~~~~~

src/app/team/[slug]/page.tsx:113:51 - error TS2322: Type '{ children: Element; variant: "ghost"; size: "sm"; asChild: true; }' is not assignable to type 'IntrinsicAttributes & ButtonProps & RefAttributes<HTMLButtonElement>'.
  Property 'asChild' does not exist on type 'IntrinsicAttributes & ButtonProps & RefAttributes<HTMLButtonElement>'.

113                 <Button variant="ghost" size="sm" asChild>
                                                      ~~~~~~~

src/app/team/[slug]/page.tsx:143:39 - error TS2322: Type '{ children: Element; variant: "secondary"; asChild: true; }' is not assignable to type 'IntrinsicAttributes & ButtonProps & RefAttributes<HTMLButtonElement>'.
  Property 'asChild' does not exist on type 'IntrinsicAttributes & ButtonProps & RefAttributes<HTMLButtonElement>'.

143           <Button variant="secondary" asChild>
                                          ~~~~~~~

src/app/terms/page.tsx:112:37 - error TS2339: Property 'contact' does not exist on type 'SiteConfig'.

112             <li>Email: {SITE_CONFIG.contact.email}</li>
                                        ~~~~~~~

src/app/terms/page.tsx:113:39 - error TS2339: Property 'contact' does not exist on type 'SiteConfig'.

113             <li>Address: {SITE_CONFIG.contact.address}</li>
                                          ~~~~~~~

src/app/work/[slug]/page.tsx:40:28 - error TS2339: Property 'excerpt' does not exist on type 'CaseStudy'.

40     description: caseStudy.excerpt,
                              ~~~~~~~

src/app/work/[slug]/page.tsx:43:30 - error TS2339: Property 'excerpt' does not exist on type 'CaseStudy'.

43       description: caseStudy.excerpt,
                                ~~~~~~~

src/app/work/[slug]/page.tsx:45:25 - error TS2339: Property 'coverImage' does not exist on type 'CaseStudy'.

45       images: caseStudy.coverImage ? [caseStudy.coverImage] : [],
                           ~~~~~~~~~~

src/app/work/[slug]/page.tsx:45:49 - error TS2339: Property 'coverImage' does not exist on type 'CaseStudy'.

45       images: caseStudy.coverImage ? [caseStudy.coverImage] : [],
                                                   ~~~~~~~~~~

src/app/work/[slug]/page.tsx:98:24 - error TS2339: Property 'excerpt' does not exist on type 'CaseStudy'.

98             {caseStudy.excerpt}
                          ~~~~~~~

src/app/work/[slug]/page.tsx:109:53 - error TS2339: Property 'industry' does not exist on type 'CaseStudy'.

109               <p className="font-medium">{caseStudy.industry}</p>
                                                        ~~~~~~~~

src/app/work/[slug]/page.tsx:113:53 - error TS2339: Property 'duration' does not exist on type 'CaseStudy'.

113               <p className="font-medium">{caseStudy.duration || 'Ongoing'}</p>
                                                        ~~~~~~~~

src/app/work/[slug]/page.tsx:117:53 - error TS2339: Property 'services' does not exist on type 'CaseStudy'.

117               <p className="font-medium">{caseStudy.services?.join(', ') || 'Full Stack'}</p>
                                                        ~~~~~~~~

src/app/work/[slug]/page.tsx:124:18 - error TS2339: Property 'coverImage' does not exist on type 'CaseStudy'.

124       {caseStudy.coverImage && (
                     ~~~~~~~~~~

src/app/work/[slug]/page.tsx:129:32 - error TS2339: Property 'coverImage' does not exist on type 'CaseStudy'.

129                 src={caseStudy.coverImage}
                                   ~~~~~~~~~~

src/app/work/[slug]/page.tsx:161:22 - error TS2339: Property 'metrics' does not exist on type 'CaseStudy'.

161           {caseStudy.metrics && caseStudy.metrics.length > 0 && (
                         ~~~~~~~

src/app/work/[slug]/page.tsx:161:43 - error TS2339: Property 'metrics' does not exist on type 'CaseStudy'.

161           {caseStudy.metrics && caseStudy.metrics.length > 0 && (
                                              ~~~~~~~

src/app/work/[slug]/page.tsx:167:28 - error TS2339: Property 'metrics' does not exist on type 'CaseStudy'.

167                 {caseStudy.metrics.map((metric, idx) => (
                               ~~~~~~~

src/app/work/[slug]/page.tsx:167:41 - error TS7006: Parameter 'metric' implicitly has an 'any' type.

167                 {caseStudy.metrics.map((metric, idx) => (
                                            ~~~~~~

src/app/work/[slug]/page.tsx:167:49 - error TS7006: Parameter 'idx' implicitly has an 'any' type.

167                 {caseStudy.metrics.map((metric, idx) => (
                                                    ~~~

src/app/work/[slug]/page.tsx:186:22 - error TS2339: Property 'technologies' does not exist on type 'CaseStudy'.

186           {caseStudy.technologies && caseStudy.technologies.length > 0 && (
                         ~~~~~~~~~~~~

src/app/work/[slug]/page.tsx:186:48 - error TS2339: Property 'technologies' does not exist on type 'CaseStudy'.

186           {caseStudy.technologies && caseStudy.technologies.length > 0 && (
                                                   ~~~~~~~~~~~~

src/app/work/[slug]/page.tsx:192:28 - error TS2339: Property 'technologies' does not exist on type 'CaseStudy'.

192                 {caseStudy.technologies.map((tech) => (
                               ~~~~~~~~~~~~

src/app/work/[slug]/page.tsx:192:46 - error TS7006: Parameter 'tech' implicitly has an 'any' type.

192                 {caseStudy.technologies.map((tech) => (
                                                 ~~~~

src/app/work/[slug]/page.tsx:204:18 - error TS2339: Property 'testimonial' does not exist on type 'CaseStudy'.

204       {caseStudy.testimonial && (
                     ~~~~~~~~~~~

src/app/work/[slug]/page.tsx:211:33 - error TS2339: Property 'testimonial' does not exist on type 'CaseStudy'.

211               &ldquo;{caseStudy.testimonial.quote}&rdquo;
                                    ~~~~~~~~~~~

src/app/work/[slug]/page.tsx:214:55 - error TS2339: Property 'testimonial' does not exist on type 'CaseStudy'.

214               <p className="font-semibold">{caseStudy.testimonial.author}</p>
                                                          ~~~~~~~~~~~

src/app/work/[slug]/page.tsx:215:63 - error TS2339: Property 'testimonial' does not exist on type 'CaseStudy'.

215               <p className="text-muted-foreground">{caseStudy.testimonial.role}</p>
                                                                  ~~~~~~~~~~~

src/app/work/[slug]/page.tsx:235:27 - error TS2339: Property 'coverImage' does not exist on type 'CaseStudy'.

235                       {cs.coverImage ? (
                              ~~~~~~~~~~

src/app/work/[slug]/page.tsx:237:35 - error TS2339: Property 'coverImage' does not exist on type 'CaseStudy'.

237                           src={cs.coverImage}
                                      ~~~~~~~~~~

src/app/work/[slug]/page.tsx:264:34 - error TS2322: Type '"primary"' is not assignable to type 'SectionBackground | undefined'.

264       <Section className="py-16" background="primary">
                                     ~~~~~~~~~~

  src/components/ui/Section.tsx:14:3
    14   background?: SectionBackground;
         ~~~~~~~~~~
    The expected type comes from property 'background' which is declared here on type 'IntrinsicAttributes & SectionProps & RefAttributes<HTMLElement>'

src/app/work/[slug]/page.tsx:273:21 - error TS2322: Type '{ children: Element; asChild: true; size: "lg"; variant: "secondary"; }' is not assignable to type 'IntrinsicAttributes & ButtonProps & RefAttributes<HTMLButtonElement>'.
  Property 'asChild' does not exist on type 'IntrinsicAttributes & ButtonProps & RefAttributes<HTMLButtonElement>'.

273             <Button asChild size="lg" variant="secondary">
                        ~~~~~~~

src/app/work/[slug]/page.tsx:276:21 - error TS2322: Type '{ children: Element; asChild: true; size: "lg"; variant: "outline"; className: string; }' is not assignable to type 'IntrinsicAttributes & ButtonProps & RefAttributes<HTMLButtonElement>'.
  Property 'asChild' does not exist on type 'IntrinsicAttributes & ButtonProps & RefAttributes<HTMLButtonElement>'.

276             <Button asChild size="lg" variant="outline" className="border-primary-foreground text-primary-foreground hover:bg-primary-foreground hover:text-primary">
                        ~~~~~~~

src/app/work/page.tsx:10:19 - error TS6133: 'SectionHeader' is declared but its value is never read.

10 import { Section, SectionHeader, Card, CardContent, Tag, Button } from '@/components/ui';
                     ~~~~~~~~~~~~~

src/app/work/page.tsx:126:47 - error TS2322: Type '{ children: Element; variant: "primary"; size: "lg"; asChild: true; }' is not assignable to type 'IntrinsicAttributes & ButtonProps & RefAttributes<HTMLButtonElement>'.
  Property 'asChild' does not exist on type 'IntrinsicAttributes & ButtonProps & RefAttributes<HTMLButtonElement>'.

126           <Button variant="primary" size="lg" asChild>
                                                  ~~~~~~~

src/components/layout/Header.tsx:165:49 - error TS2322: Type '{ children: Element; variant: "primary"; size: "sm"; asChild: true; }' is not assignable to type 'IntrinsicAttributes & ButtonProps & RefAttributes<HTMLButtonElement>'.
  Property 'asChild' does not exist on type 'IntrinsicAttributes & ButtonProps & RefAttributes<HTMLButtonElement>'.

165             <Button variant="primary" size="sm" asChild>
                                                    ~~~~~~~

src/components/layout/Header.tsx:265:51 - error TS2322: Type '{ children: Element; variant: "primary"; fullWidth: true; asChild: true; }' is not assignable to type 'IntrinsicAttributes & ButtonProps & RefAttributes<HTMLButtonElement>'.
  Property 'asChild' does not exist on type 'IntrinsicAttributes & ButtonProps & RefAttributes<HTMLButtonElement>'.

265               <Button variant="primary" fullWidth asChild>
                                                      ~~~~~~~

src/components/sections/ContactForm.tsx:176:15 - error TS2322: Type '{ readonly title: "Message Sent!"; readonly message: "Thanks for reaching out. We'll get back to you within 1-2 business days."; }' is not assignable to type 'ReactNode'.

176               {CONTACT_COPY.form.success}
                  ~~~~~~~~~~~~~~~~~~~~~~~~~~~

  node_modules/@types/react/index.d.ts:2398:9
    2398         children?: ReactNode | undefined;
                 ~~~~~~~~
    The expected type comes from property 'children' which is declared here on type 'DetailedHTMLProps<HTMLAttributes<HTMLParagraphElement>, HTMLParagraphElement>'

src/components/sections/ContactForm.tsx:190:15 - error TS2322: Type '{ readonly title: "Something Went Wrong"; readonly message: "Please try again or email us directly."; readonly retry: "Try Again"; }' is not assignable to type 'ReactNode'.

190               {CONTACT_COPY.form.error}
                  ~~~~~~~~~~~~~~~~~~~~~~~~~

  node_modules/@types/react/index.d.ts:2398:9
    2398         children?: ReactNode | undefined;
                 ~~~~~~~~
    The expected type comes from property 'children' which is declared here on type 'DetailedHTMLProps<HTMLAttributes<HTMLParagraphElement>, HTMLParagraphElement>'


Found 105 errors in 19 files.

Errors  Files
     2  src/app/about/how-we-think/page.tsx:71
     1  src/app/about/page.tsx:97
     2  src/app/about/story/page.tsx:56
     5  src/app/careers/page.tsx:159
     6  src/app/contact/page.tsx:32
     1  src/app/error.tsx:50
    19  src/app/insights/[slug]/page.tsx:47
    14  src/app/insights/page.tsx:10
     1  src/app/layout.tsx:44
     3  src/app/not-found.tsx:42
     6  src/app/page.tsx:37
     2  src/app/privacy/page.tsx:117
     3  src/app/services/page.tsx:238
     4  src/app/team/[slug]/page.tsx:93
     2  src/app/terms/page.tsx:112
    28  src/app/work/[slug]/page.tsx:40
     2  src/app/work/page.tsx:10
     2  src/components/layout/Header.tsx:165
     2  src/components/sections/ContactForm.tsx:176
sagarpandey@Sagars-MacBook-Air montemflumen-org 2 % 